<?xml version="1.0" encoding="UTF-8"?>
<!-- Generated by org.testng.reporters.JUnitReportReporter -->
<testsuite hostname="Sakirs-MBP.lan" failures="0" tests="5" name="test.LoginTest" time="20.314" errors="0" timestamp="2022-05-17T12:53:23 HST" skipped="0">
  <testcase classname="test.LoginTest" name="invalidCredentials" time="5.507"/>
  <system-out>
    <![CDATA[<a href='/Users/sakirsahin/IdeaProjects/TestNGFramework/screenshots/passed/invalidCredentials2022-05-17-12-53-06.png'> <img src='/Users/sakirsahin/IdeaProjects/TestNGFramework/screenshots/passed/invalidCredentials2022-05-17-12-53-06.png' height='100' width='200'/> </a>]]>
  </system-out>
  <testcase classname="test.LoginTest" name="invalidCredentials" time="3.170"/>
  <system-out>
    <![CDATA[<a href='/Users/sakirsahin/IdeaProjects/TestNGFramework/screenshots/passed/invalidCredentials2022-05-17-12-53-14.png'> <img src='/Users/sakirsahin/IdeaProjects/TestNGFramework/screenshots/passed/invalidCredentials2022-05-17-12-53-14.png' height='100' width='200'/> </a>]]>
  </system-out>
  <testcase classname="test.LoginTest" name="invalidCredentials" time="5.003"/>
  <system-out>
    <![CDATA[<a href='/Users/sakirsahin/IdeaProjects/TestNGFramework/screenshots/passed/invalidCredentials2022-05-17-12-53-18.png'> <img src='/Users/sakirsahin/IdeaProjects/TestNGFramework/screenshots/passed/invalidCredentials2022-05-17-12-53-18.png' height='100' width='200'/> </a>]]>
  </system-out>
  <testcase classname="test.LoginTest" name="invalidCredentials" time="3.575"/>
  <system-out>
    <![CDATA[<a href='/Users/sakirsahin/IdeaProjects/TestNGFramework/screenshots/passed/invalidCredentials2022-05-17-12-53-10.png'> <img src='/Users/sakirsahin/IdeaProjects/TestNGFramework/screenshots/passed/invalidCredentials2022-05-17-12-53-10.png' height='100' width='200'/> </a>]]>
  </system-out>
  <testcase classname="test.LoginTest" name="logoIsPresent" time="3.059"/>
  <system-out>
    <![CDATA[<a href='/Users/sakirsahin/IdeaProjects/TestNGFramework/screenshots/passed/logoIsPresent2022-05-17-12-53-23.png'> <img src='/Users/sakirsahin/IdeaProjects/TestNGFramework/screenshots/passed/logoIsPresent2022-05-17-12-53-23.png' height='100' width='200'/> </a>]]>
  </system-out>
</testsuite> <!-- test.LoginTest -->
