<?xml version="1.0" encoding="UTF-8"?>
<!-- Generated by org.testng.reporters.JUnitReportReporter -->
<testsuite hostname="Sakirs-MBP.lan" failures="0" tests="5" name="test.LoginTest" time="22.751" errors="0" timestamp="2022-05-17T14:19:51 HST" skipped="0">
  <testcase classname="test.LoginTest" name="invalidCredentials" time="3.675"/>
  <system-out>
    <![CDATA[<a href='/Users/sakirsahin/IdeaProjects/TestNGFramework/screenshots/passed/invalidCredentials2022-05-17-14-19-47.png'> <img src='/Users/sakirsahin/IdeaProjects/TestNGFramework/screenshots/passed/invalidCredentials2022-05-17-14-19-47.png' height='100' width='250'/> </a>]]>
  </system-out>
  <testcase classname="test.LoginTest" name="invalidCredentials" time="3.800"/>
  <system-out>
    <![CDATA[<a href='/Users/sakirsahin/IdeaProjects/TestNGFramework/screenshots/passed/invalidCredentials2022-05-17-14-19-43.png'> <img src='/Users/sakirsahin/IdeaProjects/TestNGFramework/screenshots/passed/invalidCredentials2022-05-17-14-19-43.png' height='100' width='250'/> </a>]]>
  </system-out>
  <testcase classname="test.LoginTest" name="invalidCredentials" time="4.960"/>
  <system-out>
    <![CDATA[<a href='/Users/sakirsahin/IdeaProjects/TestNGFramework/screenshots/passed/invalidCredentials2022-05-17-14-19-51.png'> <img src='/Users/sakirsahin/IdeaProjects/TestNGFramework/screenshots/passed/invalidCredentials2022-05-17-14-19-51.png' height='100' width='250'/> </a>]]>
  </system-out>
  <testcase classname="test.LoginTest" name="logoIsPresent" time="3.591"/>
  <system-out>
    <![CDATA[<a href='/Users/sakirsahin/IdeaProjects/TestNGFramework/screenshots/passed/logoIsPresent2022-05-17-14-19-39.png'> <img src='/Users/sakirsahin/IdeaProjects/TestNGFramework/screenshots/passed/logoIsPresent2022-05-17-14-19-39.png' height='100' width='250'/> </a>]]>
  </system-out>
  <testcase classname="test.LoginTest" name="invalidCredentials" time="6.725"/>
  <system-out>
    <![CDATA[<a href='/Users/sakirsahin/IdeaProjects/TestNGFramework/screenshots/passed/invalidCredentials2022-05-17-14-19-39.png'> <img src='/Users/sakirsahin/IdeaProjects/TestNGFramework/screenshots/passed/invalidCredentials2022-05-17-14-19-39.png' height='100' width='250'/> </a>]]>
  </system-out>
</testsuite> <!-- test.LoginTest -->
