<?xml version="1.0" encoding="UTF-8"?>
<!-- Generated by org.testng.reporters.JUnitReportReporter -->
<testsuite hostname="Sakirs-MBP.lan" failures="0" tests="5" name="test.AddEmployeeTest" time="74.546" errors="0" timestamp="2022-05-17T17:10:17 HST" skipped="0">
  <testcase classname="test.AddEmployeeTest" name="addEmployee" time="15.288"/>
  <system-out>
    <![CDATA[<a href='/Users/sakirsahin/IdeaProjects/TestNGFramework/screenshots/passed/addEmployee2022-05-17-17-09-49.png'> <img src='/Users/sakirsahin/IdeaProjects/TestNGFramework/screenshots/passed/addEmployee2022-05-17-17-09-49.png' height='100' width='250'/> </a>]]>
  </system-out>
  <testcase classname="test.AddEmployeeTest" name="addEmployee" time="13.546"/>
  <system-out>
    <![CDATA[<a href='/Users/sakirsahin/IdeaProjects/TestNGFramework/screenshots/passed/addEmployee2022-05-17-17-10-17.png'> <img src='/Users/sakirsahin/IdeaProjects/TestNGFramework/screenshots/passed/addEmployee2022-05-17-17-10-17.png' height='100' width='250'/> </a>]]>
  </system-out>
  <testcase classname="test.AddEmployeeTest" name="addEmployee" time="16.595"/>
  <system-out>
    <![CDATA[<a href='/Users/sakirsahin/IdeaProjects/TestNGFramework/screenshots/passed/addEmployee2022-05-17-17-09-18.png'> <img src='/Users/sakirsahin/IdeaProjects/TestNGFramework/screenshots/passed/addEmployee2022-05-17-17-09-18.png' height='100' width='250'/> </a>]]>
  </system-out>
  <testcase classname="test.AddEmployeeTest" name="addEmployee" time="14.894"/>
  <system-out>
    <![CDATA[<a href='/Users/sakirsahin/IdeaProjects/TestNGFramework/screenshots/passed/addEmployee2022-05-17-17-09-32.png'> <img src='/Users/sakirsahin/IdeaProjects/TestNGFramework/screenshots/passed/addEmployee2022-05-17-17-09-32.png' height='100' width='250'/> </a>]]>
  </system-out>
  <testcase classname="test.AddEmployeeTest" name="addEmployee" time="14.223"/>
  <system-out>
    <![CDATA[<a href='/Users/sakirsahin/IdeaProjects/TestNGFramework/screenshots/passed/addEmployee2022-05-17-17-10-02.png'> <img src='/Users/sakirsahin/IdeaProjects/TestNGFramework/screenshots/passed/addEmployee2022-05-17-17-10-02.png' height='100' width='250'/> </a>]]>
  </system-out>
</testsuite> <!-- test.AddEmployeeTest -->
