<?xml version="1.0" encoding="UTF-8"?>
<!-- Generated by org.testng.reporters.JUnitReportReporter -->
<testsuite hostname="Sakirs-MBP.lan" failures="0" tests="5" name="test.LoginTest" time="18.154" errors="0" timestamp="2022-05-17T21:48:14 HST" skipped="0">
  <testcase classname="test.LoginTest" name="logoIsPresent" time="3.845"/>
  <system-out>
    <![CDATA[<a href='/Users/sakirsahin/IdeaProjects/TestNGFramework/screenshots/passed/logoIsPresent2022-05-17-21-47-08.png'> <img src='/Users/sakirsahin/IdeaProjects/TestNGFramework/screenshots/passed/logoIsPresent2022-05-17-21-47-08.png' height='100' width='250'/> </a>]]>
  </system-out>
  <testcase classname="test.LoginTest" name="invalidCredentials" time="3.386"/>
  <system-out>
    <![CDATA[<a href='/Users/sakirsahin/IdeaProjects/TestNGFramework/screenshots/passed/invalidCredentials2022-05-17-21-47-16.png'> <img src='/Users/sakirsahin/IdeaProjects/TestNGFramework/screenshots/passed/invalidCredentials2022-05-17-21-47-16.png' height='100' width='250'/> </a>]]>
  </system-out>
  <testcase classname="test.LoginTest" name="invalidCredentials" time="3.764"/>
  <system-out>
    <![CDATA[<a href='/Users/sakirsahin/IdeaProjects/TestNGFramework/screenshots/passed/invalidCredentials2022-05-17-21-47-09.png'> <img src='/Users/sakirsahin/IdeaProjects/TestNGFramework/screenshots/passed/invalidCredentials2022-05-17-21-47-09.png' height='100' width='250'/> </a>]]>
  </system-out>
  <testcase classname="test.LoginTest" name="invalidCredentials" time="3.377"/>
  <system-out>
    <![CDATA[<a href='/Users/sakirsahin/IdeaProjects/TestNGFramework/screenshots/passed/invalidCredentials2022-05-17-21-47-13.png'> <img src='/Users/sakirsahin/IdeaProjects/TestNGFramework/screenshots/passed/invalidCredentials2022-05-17-21-47-13.png' height='100' width='250'/> </a>]]>
  </system-out>
  <testcase classname="test.LoginTest" name="invalidCredentials" time="3.782"/>
  <system-out>
    <![CDATA[<a href='/Users/sakirsahin/IdeaProjects/TestNGFramework/screenshots/passed/invalidCredentials2022-05-17-21-47-19.png'> <img src='/Users/sakirsahin/IdeaProjects/TestNGFramework/screenshots/passed/invalidCredentials2022-05-17-21-47-19.png' height='100' width='250'/> </a>]]>
  </system-out>
</testsuite> <!-- test.LoginTest -->
