<?xml version="1.0" encoding="UTF-8"?>
<!-- Generated by org.testng.reporters.JUnitReportReporter -->
<testsuite hostname="Sakirs-MBP.lan" failures="0" tests="5" name="test.AddEmployeeTest" time="67.732" errors="0" timestamp="2022-05-17T21:48:14 HST" skipped="0">
  <testcase classname="test.AddEmployeeTest" name="addEmployee" time="13.941"/>
  <system-out>
    <![CDATA[<a href='/Users/sakirsahin/IdeaProjects/TestNGFramework/screenshots/passed/addEmployee2022-05-17-21-47-58.png'> <img src='/Users/sakirsahin/IdeaProjects/TestNGFramework/screenshots/passed/addEmployee2022-05-17-21-47-58.png' height='100' width='250'/> </a>]]>
  </system-out>
  <testcase classname="test.AddEmployeeTest" name="addEmployee" time="14.755"/>
  <system-out>
    <![CDATA[<a href='/Users/sakirsahin/IdeaProjects/TestNGFramework/screenshots/passed/addEmployee2022-05-17-21-48-14.png'> <img src='/Users/sakirsahin/IdeaProjects/TestNGFramework/screenshots/passed/addEmployee2022-05-17-21-48-14.png' height='100' width='250'/> </a>]]>
  </system-out>
  <testcase classname="test.AddEmployeeTest" name="addEmployee" time="14.345"/>
  <system-out>
    <![CDATA[<a href='/Users/sakirsahin/IdeaProjects/TestNGFramework/screenshots/passed/addEmployee2022-05-17-21-47-19.png'> <img src='/Users/sakirsahin/IdeaProjects/TestNGFramework/screenshots/passed/addEmployee2022-05-17-21-47-19.png' height='100' width='250'/> </a>]]>
  </system-out>
  <testcase classname="test.AddEmployeeTest" name="addEmployee" time="12.442"/>
  <system-out>
    <![CDATA[<a href='/Users/sakirsahin/IdeaProjects/TestNGFramework/screenshots/passed/addEmployee2022-05-17-21-47-31.png'> <img src='/Users/sakirsahin/IdeaProjects/TestNGFramework/screenshots/passed/addEmployee2022-05-17-21-47-31.png' height='100' width='250'/> </a>]]>
  </system-out>
  <testcase classname="test.AddEmployeeTest" name="addEmployee" time="12.249"/>
  <system-out>
    <![CDATA[<a href='/Users/sakirsahin/IdeaProjects/TestNGFramework/screenshots/passed/addEmployee2022-05-17-21-47-44.png'> <img src='/Users/sakirsahin/IdeaProjects/TestNGFramework/screenshots/passed/addEmployee2022-05-17-21-47-44.png' height='100' width='250'/> </a>]]>
  </system-out>
</testsuite> <!-- test.AddEmployeeTest -->
