<?xml version="1.0" encoding="UTF-8"?>
<!-- Generated by org.testng.reporters.JUnitReportReporter -->
<testsuite hostname="Sakirs-MBP.lan" failures="0" tests="1" name="test.AddEmployeeTest" time="46.742" errors="0" timestamp="2022-05-17T16:10:02 HST" skipped="0">
  <testcase classname="test.AddEmployeeTest" name="addEmployee" time="46.742"/>
  <system-out>
    <![CDATA[<a href='/Users/sakirsahin/IdeaProjects/TestNGFramework/screenshots/passed/addEmployee2022-05-17-16-10-02.png'> <img src='/Users/sakirsahin/IdeaProjects/TestNGFramework/screenshots/passed/addEmployee2022-05-17-16-10-02.png' height='100' width='250'/> </a>]]>
  </system-out>
</testsuite> <!-- test.AddEmployeeTest -->
