<?xml version="1.0" encoding="UTF-8"?>
<!-- Generated by org.testng.reporters.JUnitReportReporter -->
<testsuite hostname="Sakirs-MBP.lan" failures="0" tests="5" name="test.LoginTest" time="25.714" errors="0" timestamp="2022-05-17T16:10:02 HST" skipped="0">
  <testcase classname="test.LoginTest" name="invalidCredentials" time="5.677"/>
  <system-out>
    <![CDATA[<a href='/Users/sakirsahin/IdeaProjects/TestNGFramework/screenshots/passed/invalidCredentials2022-05-17-16-09-23.png'> <img src='/Users/sakirsahin/IdeaProjects/TestNGFramework/screenshots/passed/invalidCredentials2022-05-17-16-09-23.png' height='100' width='250'/> </a>]]>
  </system-out>
  <testcase classname="test.LoginTest" name="invalidCredentials" time="4.183"/>
  <system-out>
    <![CDATA[<a href='/Users/sakirsahin/IdeaProjects/TestNGFramework/screenshots/passed/invalidCredentials2022-05-17-16-09-27.png'> <img src='/Users/sakirsahin/IdeaProjects/TestNGFramework/screenshots/passed/invalidCredentials2022-05-17-16-09-27.png' height='100' width='250'/> </a>]]>
  </system-out>
  <testcase classname="test.LoginTest" name="invalidCredentials" time="6.331"/>
  <system-out>
    <![CDATA[<a href='/Users/sakirsahin/IdeaProjects/TestNGFramework/screenshots/passed/invalidCredentials2022-05-17-16-09-32.png'> <img src='/Users/sakirsahin/IdeaProjects/TestNGFramework/screenshots/passed/invalidCredentials2022-05-17-16-09-32.png' height='100' width='250'/> </a>]]>
  </system-out>
  <testcase classname="test.LoginTest" name="invalidCredentials" time="3.348"/>
  <system-out>
    <![CDATA[<a href='/Users/sakirsahin/IdeaProjects/TestNGFramework/screenshots/passed/invalidCredentials2022-05-17-16-09-36.png'> <img src='/Users/sakirsahin/IdeaProjects/TestNGFramework/screenshots/passed/invalidCredentials2022-05-17-16-09-36.png' height='100' width='250'/> </a>]]>
  </system-out>
  <testcase classname="test.LoginTest" name="logoIsPresent" time="6.175"/>
  <system-out>
    <![CDATA[<a href='/Users/sakirsahin/IdeaProjects/TestNGFramework/screenshots/passed/logoIsPresent2022-05-17-16-09-22.png'> <img src='/Users/sakirsahin/IdeaProjects/TestNGFramework/screenshots/passed/logoIsPresent2022-05-17-16-09-22.png' height='100' width='250'/> </a>]]>
  </system-out>
</testsuite> <!-- test.LoginTest -->
