<?xml version="1.0" encoding="UTF-8"?>
<!-- Generated by org.testng.reporters.JUnitReportReporter -->
<testsuite hostname="Sakirs-MBP.lan" failures="0" tests="5" name="test.LoginTest" time="23.999" errors="0" timestamp="2022-05-17T17:10:17 HST" skipped="0">
  <testcase classname="test.LoginTest" name="logoIsPresent" time="3.139"/>
  <system-out>
    <![CDATA[<a href='/Users/sakirsahin/IdeaProjects/TestNGFramework/screenshots/passed/logoIsPresent2022-05-17-17-09-06.png'> <img src='/Users/sakirsahin/IdeaProjects/TestNGFramework/screenshots/passed/logoIsPresent2022-05-17-17-09-06.png' height='100' width='250'/> </a>]]>
  </system-out>
  <testcase classname="test.LoginTest" name="invalidCredentials" time="6.635"/>
  <system-out>
    <![CDATA[<a href='/Users/sakirsahin/IdeaProjects/TestNGFramework/screenshots/passed/invalidCredentials2022-05-17-17-09-06.png'> <img src='/Users/sakirsahin/IdeaProjects/TestNGFramework/screenshots/passed/invalidCredentials2022-05-17-17-09-06.png' height='100' width='250'/> </a>]]>
  </system-out>
  <testcase classname="test.LoginTest" name="invalidCredentials" time="5.834"/>
  <system-out>
    <![CDATA[<a href='/Users/sakirsahin/IdeaProjects/TestNGFramework/screenshots/passed/invalidCredentials2022-05-17-17-09-12.png'> <img src='/Users/sakirsahin/IdeaProjects/TestNGFramework/screenshots/passed/invalidCredentials2022-05-17-17-09-12.png' height='100' width='250'/> </a>]]>
  </system-out>
  <testcase classname="test.LoginTest" name="invalidCredentials" time="4.177"/>
  <system-out>
    <![CDATA[<a href='/Users/sakirsahin/IdeaProjects/TestNGFramework/screenshots/passed/invalidCredentials2022-05-17-17-09-20.png'> <img src='/Users/sakirsahin/IdeaProjects/TestNGFramework/screenshots/passed/invalidCredentials2022-05-17-17-09-20.png' height='100' width='250'/> </a>]]>
  </system-out>
  <testcase classname="test.LoginTest" name="invalidCredentials" time="4.214"/>
  <system-out>
    <![CDATA[<a href='/Users/sakirsahin/IdeaProjects/TestNGFramework/screenshots/passed/invalidCredentials2022-05-17-17-09-16.png'> <img src='/Users/sakirsahin/IdeaProjects/TestNGFramework/screenshots/passed/invalidCredentials2022-05-17-17-09-16.png' height='100' width='250'/> </a>]]>
  </system-out>
</testsuite> <!-- test.LoginTest -->
